<?xml version="1.0" encoding="UTF-8"?>
<coverage generated="1682469831734" clover="3.2.0">
  <project timestamp="1682469831734" name="All files">
    <metrics statements="22" coveredstatements="3" conditionals="16" coveredconditionals="0" methods="5" coveredmethods="1" elements="43" coveredelements="4" complexity="0" loc="22" ncloc="22" packages="1" files="1" classes="1"/>
    <file name="cadastro_produtos.js" path="D:\ADS-SENAC-3-Sem\Desenvolvimento de Serviços e APIs\Aula07\cadastro_produtos.js">
      <metrics statements="22" coveredstatements="3" conditionals="16" coveredconditionals="0" methods="5" coveredmethods="1"/>
      <line num="1" count="1" type="stmt"/>
      <line num="4" count="2" type="stmt"/>
      <line num="7" count="0" type="cond" truecount="0" falsecount="5"/>
      <line num="8" count="0" type="stmt"/>
      <line num="9" count="0" type="stmt"/>
      <line num="13" count="0" type="stmt"/>
      <line num="21" count="0" type="stmt"/>
      <line num="22" count="0" type="cond" truecount="0" falsecount="2"/>
      <line num="23" count="0" type="stmt"/>
      <line num="28" count="0" type="stmt"/>
      <line num="36" count="0" type="cond" truecount="0" falsecount="5"/>
      <line num="37" count="0" type="stmt"/>
      <line num="43" count="0" type="stmt"/>
      <line num="44" count="0" type="cond" truecount="0" falsecount="2"/>
      <line num="45" count="0" type="stmt"/>
      <line num="46" count="0" type="stmt"/>
      <line num="51" count="0" type="stmt"/>
      <line num="52" count="0" type="cond" truecount="0" falsecount="2"/>
      <line num="53" count="0" type="stmt"/>
      <line num="54" count="0" type="stmt"/>
      <line num="57" count="0" type="stmt"/>
      <line num="63" count="1" type="stmt"/>
    </file>
  </project>
</coverage>
