TN:
SF:cadastro_produtos.js
FN:3,listar
FN:6,inserir
FN:20,buscarPorId
FN:35,atualizar
FN:50,deletar
FNF:5
FNH:1
FNDA:2,listar
FNDA:0,inserir
FNDA:0,buscarPorId
FNDA:0,atualizar
FNDA:0,deletar
DA:1,1
DA:4,2
DA:7,0
DA:8,0
DA:9,0
DA:13,0
DA:21,0
DA:22,0
DA:23,0
DA:28,0
DA:36,0
DA:37,0
DA:43,0
DA:44,0
DA:45,0
DA:46,0
DA:51,0
DA:52,0
DA:53,0
DA:54,0
DA:57,0
DA:63,1
LF:22
LH:3
BRDA:7,0,0,0
BRDA:7,0,1,0
BRDA:7,1,0,0
BRDA:7,1,1,0
BRDA:7,1,2,0
BRDA:22,2,0,0
BRDA:22,2,1,0
BRDA:36,3,0,0
BRDA:36,3,1,0
BRDA:36,4,0,0
BRDA:36,4,1,0
BRDA:36,4,2,0
BRDA:44,5,0,0
BRDA:44,5,1,0
BRDA:52,6,0,0
BRDA:52,6,1,0
BRF:16
BRH:0
end_of_record
